


ARM Macro Assembler    Page 1 


    1 00000000         ; <<< Use Configuration Wizard in Context Menu >>>
    2 00000000         ;*******************************************************
                       ***********************
    3 00000000         ;
    4 00000000         ; startup_rvmdk.S - Startup code for use with Keil's uVi
                       sion.
    5 00000000         ;
    6 00000000         ; Copyright (c) 2011 Texas Instruments Incorporated.  Al
                       l rights reserved.
    7 00000000         ; Software License Agreement
    8 00000000         ; 
    9 00000000         ; Texas Instruments (TI) is supplying this software for 
                       use solely and
   10 00000000         ; exclusively on TI's microcontroller products. The soft
                       ware is owned by
   11 00000000         ; TI and/or its suppliers, and is protected under applic
                       able copyright
   12 00000000         ; laws. You may not combine this software with "viral" o
                       pen-source
   13 00000000         ; software in order to form a larger program.
   14 00000000         ; 
   15 00000000         ; THIS SOFTWARE IS PROVIDED "AS IS" AND WITH ALL FAULTS.
                       
   16 00000000         ; NO WARRANTIES, WHETHER EXPRESS, IMPLIED OR STATUTORY, 
                       INCLUDING, BUT
   17 00000000         ; NOT LIMITED TO, IMPLIED WARRANTIES OF MERCHANTABILITY 
                       AND FITNESS FOR
   18 00000000         ; A PARTICULAR PURPOSE APPLY TO THIS SOFTWARE. TI SHALL 
                       NOT, UNDER ANY
   19 00000000         ; CIRCUMSTANCES, BE LIABLE FOR SPECIAL, INCIDENTAL, OR C
                       ONSEQUENTIAL
   20 00000000         ; DAMAGES, FOR ANY REASON WHATSOEVER.
   21 00000000         ; 
   22 00000000         ; This is part of revision 8034 of the EK-LM4F232 Firmwa
                       re Package.
   23 00000000         ;
   24 00000000         ;*******************************************************
                       ***********************
   25 00000000         
   26 00000000         ;*******************************************************
                       ***********************
   27 00000000         ;
   28 00000000         ; <o> Stack Size (in Bytes) <0x0-0xFFFFFFFF:8>
   29 00000000         ;
   30 00000000         ;*******************************************************
                       ***********************
   31 00000000 00000200 
                       Stack   EQU              0x00000200
   32 00000000         
   33 00000000         ;*******************************************************
                       ***********************
   34 00000000         ;
   35 00000000         ; <o> Heap Size (in Bytes) <0x0-0xFFFFFFFF:8>
   36 00000000         ;
   37 00000000         ;*******************************************************
                       ***********************
   38 00000000 00000000 
                       Heap    EQU              0x00000000
   39 00000000         



ARM Macro Assembler    Page 2 


   40 00000000         ;*******************************************************
                       ***********************
   41 00000000         ;
   42 00000000         ; Allocate space for the stack.
   43 00000000         ;
   44 00000000         ;*******************************************************
                       ***********************
   45 00000000                 AREA             STACK, NOINIT, READWRITE, ALIGN
=3
   46 00000000         StackMem
   47 00000000                 SPACE            Stack
   48 00000200         __initial_sp
   49 00000200         
   50 00000200         ;*******************************************************
                       ***********************
   51 00000200         ;
   52 00000200         ; Allocate space for the heap.
   53 00000200         ;
   54 00000200         ;*******************************************************
                       ***********************
   55 00000200                 AREA             HEAP, NOINIT, READWRITE, ALIGN=
3
   56 00000000         __heap_base
   57 00000000         HeapMem
   58 00000000                 SPACE            Heap
   59 00000000         __heap_limit
   60 00000000         
   61 00000000         ;*******************************************************
                       ***********************
   62 00000000         ;
   63 00000000         ; Indicate that the code in this file preserves 8-byte a
                       lignment of the stack.
   64 00000000         ;
   65 00000000         ;*******************************************************
                       ***********************
   66 00000000                 PRESERVE8
   67 00000000         
   68 00000000         ;*******************************************************
                       ***********************
   69 00000000         ;
   70 00000000         ; Place code into the reset code section.
   71 00000000         ;
   72 00000000         ;*******************************************************
                       ***********************
   73 00000000                 AREA             RESET, CODE, READONLY
   74 00000000                 THUMB
   75 00000000         
   76 00000000         ;*******************************************************
                       ***********************
   77 00000000         ;
   78 00000000         ; External declaration for the interrupt handler used by
                        the application.
   79 00000000         ;
   80 00000000         ;*******************************************************
                       ***********************
   81 00000000                 EXTERN           UART2_Int_Handler
   82 00000000                 EXTERN           Watchdog_Timer
   83 00000000                 EXTERN           INT_PortG
   84 00000000         ;*******************************************************



ARM Macro Assembler    Page 3 


                       ***********************
   85 00000000         ;
   86 00000000         ; The vector table.
   87 00000000         ;
   88 00000000         ;*******************************************************
                       ***********************
   89 00000000                 EXPORT           __Vectors
   90 00000000         __Vectors
   91 00000000 00000200        DCD              StackMem + Stack ; Top of Stack
                                                            
   92 00000004 00000000        DCD              Reset_Handler ; Reset Handler
   93 00000008 00000000        DCD              NmiSR       ; NMI Handler
   94 0000000C 00000000        DCD              FaultISR    ; Hard Fault Handle
                                                            r
   95 00000010 00000000        DCD              IntDefaultHandler ; The MPU fau
                                                            lt handler
   96 00000014 00000000        DCD              IntDefaultHandler ; The bus fau
                                                            lt handler
   97 00000018 00000000        DCD              IntDefaultHandler ; The usage f
                                                            ault handler
   98 0000001C 00000000        DCD              0           ; Reserved
   99 00000020 00000000        DCD              0           ; Reserved
  100 00000024 00000000        DCD              0           ; Reserved
  101 00000028 00000000        DCD              0           ; Reserved
  102 0000002C 00000000        DCD              IntDefaultHandler 
                                                            ; SVCall handler
  103 00000030 00000000        DCD              IntDefaultHandler ; Debug monit
                                                            or handler
  104 00000034 00000000        DCD              0           ; Reserved
  105 00000038 00000000        DCD              IntDefaultHandler ; The PendSV 
                                                            handler
  106 0000003C 00000000        DCD              IntDefaultHandler ; The SysTick
                                                             handler
  107 00000040 00000000        DCD              IntDefaultHandler ; GPIO Port A
                                                            
  108 00000044 00000000        DCD              IntDefaultHandler ; GPIO Port B
                                                            
  109 00000048 00000000        DCD              IntDefaultHandler ; GPIO Port C
                                                            
  110 0000004C 00000000        DCD              IntDefaultHandler ; GPIO Port D
                                                            
  111 00000050 00000000        DCD              IntDefaultHandler ; GPIO Port E
                                                            
  112 00000054 00000000        DCD              IntDefaultHandler 
                                                            ; UART0 Rx and Tx
  113 00000058 00000000        DCD              IntDefaultHandler 
                                                            ; UART1 Rx and Tx
  114 0000005C 00000000        DCD              IntDefaultHandler 
                                                            ; SSI0 Rx and Tx
  115 00000060 00000000        DCD              IntDefaultHandler ; I2C0 Master
                                                             and Slave
  116 00000064 00000000        DCD              IntDefaultHandler ; PWM Fault
  117 00000068 00000000        DCD              IntDefaultHandler 
                                                            ; PWM Generator 0
  118 0000006C 00000000        DCD              IntDefaultHandler 
                                                            ; PWM Generator 1
  119 00000070 00000000        DCD              IntDefaultHandler 
                                                            ; PWM Generator 2
  120 00000074 00000000        DCD              IntDefaultHandler ; Quadrature 



ARM Macro Assembler    Page 4 


                                                            Encoder 0
  121 00000078 00000000        DCD              IntDefaultHandler 
                                                            ; ADC Sequence 0
  122 0000007C 00000000        DCD              IntDefaultHandler 
                                                            ; ADC Sequence 1
  123 00000080 00000000        DCD              IntDefaultHandler 
                                                            ; ADC Sequence 2
  124 00000084 00000000        DCD              IntDefaultHandler 
                                                            ; ADC Sequence 3
  125 00000088 00000000        DCD              Watchdog_Timer ; Watchdog timer
                                                            
  126 0000008C 00000000        DCD              IntDefaultHandler ; Timer 0 sub
                                                            timer A
  127 00000090 00000000        DCD              IntDefaultHandler ; Timer 0 sub
                                                            timer B
  128 00000094 00000000        DCD              IntDefaultHandler ; Timer 1 sub
                                                            timer A
  129 00000098 00000000        DCD              IntDefaultHandler ; Timer 1 sub
                                                            timer B
  130 0000009C 00000000        DCD              IntDefaultHandler ; Timer 2 sub
                                                            timer A
  131 000000A0 00000000        DCD              IntDefaultHandler ; Timer 2 sub
                                                            timer B
  132 000000A4 00000000        DCD              IntDefaultHandler ; Analog Comp
                                                            arator 0
  133 000000A8 00000000        DCD              IntDefaultHandler ; Analog Comp
                                                            arator 1
  134 000000AC 00000000        DCD              IntDefaultHandler ; Analog Comp
                                                            arator 2
  135 000000B0 00000000        DCD              IntDefaultHandler ; System Cont
                                                            rol (PLL, OSC, BO)
  136 000000B4 00000000        DCD              IntDefaultHandler 
                                                            ; FLASH Control
  137 000000B8 00000000        DCD              IntDefaultHandler ; GPIO Port F
                                                            
  138 000000BC 00000000        DCD              IntDefaultHandler ; GPIO Port G
                                                            
  139 000000C0 00000000        DCD              IntDefaultHandler ; GPIO Port H
                                                            
  140 000000C4 00000000        DCD              UART2_Int_Handler 
                                                            ; UART2 Rx and Tx
  141 000000C8 00000000        DCD              IntDefaultHandler 
                                                            ; SSI1 Rx and Tx
  142 000000CC 00000000        DCD              IntDefaultHandler ; Timer 3 sub
                                                            timer A
  143 000000D0 00000000        DCD              IntDefaultHandler ; Timer 3 sub
                                                            timer B
  144 000000D4 00000000        DCD              IntDefaultHandler ; I2C1 Master
                                                             and Slave
  145 000000D8 00000000        DCD              IntDefaultHandler ; Quadrature 
                                                            Encoder 1
  146 000000DC 00000000        DCD              IntDefaultHandler ; CAN0
  147 000000E0 00000000        DCD              IntDefaultHandler ; CAN1
  148 000000E4 00000000        DCD              IntDefaultHandler ; CAN2
  149 000000E8 00000000        DCD              IntDefaultHandler ; Ethernet
  150 000000EC 00000000        DCD              IntDefaultHandler ; Hibernate
  151 000000F0 00000000        DCD              IntDefaultHandler ; USB0
  152 000000F4 00000000        DCD              IntDefaultHandler 
                                                            ; PWM Generator 3



ARM Macro Assembler    Page 5 


  153 000000F8 00000000        DCD              IntDefaultHandler ; uDMA Softwa
                                                            re Transfer
  154 000000FC 00000000        DCD              IntDefaultHandler ; uDMA Error
  155 00000100 00000000        DCD              IntDefaultHandler 
                                                            ; ADC1 Sequence 0
  156 00000104 00000000        DCD              IntDefaultHandler 
                                                            ; ADC1 Sequence 1
  157 00000108 00000000        DCD              IntDefaultHandler 
                                                            ; ADC1 Sequence 2
  158 0000010C 00000000        DCD              IntDefaultHandler 
                                                            ; ADC1 Sequence 3
  159 00000110 00000000        DCD              IntDefaultHandler ; I2S0
  160 00000114 00000000        DCD              IntDefaultHandler ; External Bu
                                                            s Interface 0
  161 00000118 00000000        DCD              IntDefaultHandler ; GPIO Port J
                                                            
  162 0000011C 00000000        DCD              IntDefaultHandler ; GPIO Port K
                                                            
  163 00000120 00000000        DCD              IntDefaultHandler ; GPIO Port L
                                                            
  164 00000124 00000000        DCD              IntDefaultHandler 
                                                            ; SSI2 Rx and Tx
  165 00000128 00000000        DCD              IntDefaultHandler 
                                                            ; SSI3 Rx and Tx
  166 0000012C 00000000        DCD              IntDefaultHandler 
                                                            ; UART3 Rx and Tx
  167 00000130 00000000        DCD              IntDefaultHandler 
                                                            ; UART4 Rx and Tx
  168 00000134 00000000        DCD              IntDefaultHandler 
                                                            ; UART5 Rx and Tx
  169 00000138 00000000        DCD              IntDefaultHandler 
                                                            ; UART6 Rx and Tx
  170 0000013C 00000000        DCD              IntDefaultHandler 
                                                            ; UART7 Rx and Tx
  171 00000140 00000000        DCD              0           ; Reserved
  172 00000144 00000000        DCD              0           ; Reserved
  173 00000148 00000000        DCD              0           ; Reserved
  174 0000014C 00000000        DCD              0           ; Reserved
  175 00000150 00000000        DCD              IntDefaultHandler ; I2C2 Master
                                                             and Slave
  176 00000154 00000000        DCD              IntDefaultHandler ; I2C3 Master
                                                             and Slave
  177 00000158 00000000        DCD              IntDefaultHandler ; Timer 4 sub
                                                            timer A
  178 0000015C 00000000        DCD              IntDefaultHandler ; Timer 4 sub
                                                            timer B
  179 00000160 00000000        DCD              0           ; Reserved
  180 00000164 00000000        DCD              0           ; Reserved
  181 00000168 00000000        DCD              0           ; Reserved
  182 0000016C 00000000        DCD              0           ; Reserved
  183 00000170 00000000        DCD              0           ; Reserved
  184 00000174 00000000        DCD              0           ; Reserved
  185 00000178 00000000        DCD              0           ; Reserved
  186 0000017C 00000000        DCD              0           ; Reserved
  187 00000180 00000000        DCD              0           ; Reserved
  188 00000184 00000000        DCD              0           ; Reserved
  189 00000188 00000000        DCD              0           ; Reserved
  190 0000018C 00000000        DCD              0           ; Reserved
  191 00000190 00000000        DCD              0           ; Reserved



ARM Macro Assembler    Page 6 


  192 00000194 00000000        DCD              0           ; Reserved
  193 00000198 00000000        DCD              0           ; Reserved
  194 0000019C 00000000        DCD              0           ; Reserved
  195 000001A0 00000000        DCD              0           ; Reserved
  196 000001A4 00000000        DCD              0           ; Reserved
  197 000001A8 00000000        DCD              0           ; Reserved
  198 000001AC 00000000        DCD              0           ; Reserved
  199 000001B0 00000000        DCD              IntDefaultHandler ; Timer 5 sub
                                                            timer A
  200 000001B4 00000000        DCD              IntDefaultHandler ; Timer 5 sub
                                                            timer B
  201 000001B8 00000000        DCD              IntDefaultHandler ; Wide Timer 
                                                            0 subtimer A
  202 000001BC 00000000        DCD              IntDefaultHandler ; Wide Timer 
                                                            0 subtimer B
  203 000001C0 00000000        DCD              IntDefaultHandler ; Wide Timer 
                                                            1 subtimer A
  204 000001C4 00000000        DCD              IntDefaultHandler ; Wide Timer 
                                                            1 subtimer B
  205 000001C8 00000000        DCD              IntDefaultHandler ; Wide Timer 
                                                            2 subtimer A
  206 000001CC 00000000        DCD              IntDefaultHandler ; Wide Timer 
                                                            2 subtimer B
  207 000001D0 00000000        DCD              IntDefaultHandler ; Wide Timer 
                                                            3 subtimer A
  208 000001D4 00000000        DCD              IntDefaultHandler ; Wide Timer 
                                                            3 subtimer B
  209 000001D8 00000000        DCD              IntDefaultHandler ; Wide Timer 
                                                            4 subtimer A
  210 000001DC 00000000        DCD              IntDefaultHandler ; Wide Timer 
                                                            4 subtimer B
  211 000001E0 00000000        DCD              IntDefaultHandler ; Wide Timer 
                                                            5 subtimer A
  212 000001E4 00000000        DCD              IntDefaultHandler ; Wide Timer 
                                                            5 subtimer B
  213 000001E8 00000000        DCD              IntDefaultHandler ; FPU
  214 000001EC 00000000        DCD              IntDefaultHandler ; PECI 0
  215 000001F0 00000000        DCD              IntDefaultHandler ; LPC 0
  216 000001F4 00000000        DCD              IntDefaultHandler ; I2C4 Master
                                                             and Slave
  217 000001F8 00000000        DCD              IntDefaultHandler ; I2C5 Master
                                                             and Slave
  218 000001FC 00000000        DCD              IntDefaultHandler ; GPIO Port M
                                                            
  219 00000200 00000000        DCD              IntDefaultHandler ; GPIO Port N
                                                            
  220 00000204 00000000        DCD              IntDefaultHandler ; Quadrature 
                                                            Encoder 2
  221 00000208 00000000        DCD              IntDefaultHandler ; Fan 0
  222 0000020C 00000000        DCD              0           ; Reserved
  223 00000210 00000000        DCD              IntDefaultHandler ; GPIO Port P
                                                             (Summary or P0)
  224 00000214 00000000        DCD              IntDefaultHandler 
                                                            ; GPIO Port P1
  225 00000218 00000000        DCD              IntDefaultHandler 
                                                            ; GPIO Port P2
  226 0000021C 00000000        DCD              IntDefaultHandler 
                                                            ; GPIO Port P3
  227 00000220 00000000        DCD              IntDefaultHandler 



ARM Macro Assembler    Page 7 


                                                            ; GPIO Port P4
  228 00000224 00000000        DCD              IntDefaultHandler 
                                                            ; GPIO Port P5
  229 00000228 00000000        DCD              IntDefaultHandler 
                                                            ; GPIO Port P6
  230 0000022C 00000000        DCD              IntDefaultHandler 
                                                            ; GPIO Port P7
  231 00000230 00000000        DCD              IntDefaultHandler ; GPIO Port Q
                                                             (Summary or Q0)
  232 00000234 00000000        DCD              IntDefaultHandler 
                                                            ; GPIO Port Q1
  233 00000238 00000000        DCD              IntDefaultHandler 
                                                            ; GPIO Port Q2
  234 0000023C 00000000        DCD              IntDefaultHandler 
                                                            ; GPIO Port Q3
  235 00000240 00000000        DCD              IntDefaultHandler 
                                                            ; GPIO Port Q4
  236 00000244 00000000        DCD              IntDefaultHandler 
                                                            ; GPIO Port Q5
  237 00000248 00000000        DCD              IntDefaultHandler 
                                                            ; GPIO Port Q6
  238 0000024C 00000000        DCD              IntDefaultHandler 
                                                            ; GPIO Port Q7
  239 00000250 00000000        DCD              IntDefaultHandler ; GPIO Port R
                                                            
  240 00000254 00000000        DCD              IntDefaultHandler ; GPIO Port S
                                                            
  241 00000258 00000000        DCD              IntDefaultHandler 
                                                            ; PWM 1 Generator 0
                                                            
  242 0000025C 00000000        DCD              IntDefaultHandler 
                                                            ; PWM 1 Generator 1
                                                            
  243 00000260 00000000        DCD              IntDefaultHandler 
                                                            ; PWM 1 Generator 2
                                                            
  244 00000264 00000000        DCD              IntDefaultHandler 
                                                            ; PWM 1 Generator 3
                                                            
  245 00000268 00000000        DCD              IntDefaultHandler ; PWM 1 Fault
                                                            
  246 0000026C         
  247 0000026C         ;*******************************************************
                       ***********************
  248 0000026C         ;
  249 0000026C         ; This is the code that gets called when the processor f
                       irst starts execution
  250 0000026C         ; following a reset event.
  251 0000026C         ;
  252 0000026C         ;*******************************************************
                       ***********************
  253 0000026C                 EXPORT           Reset_Handler
  254 0000026C         Reset_Handler
  255 0000026C         ;
  256 0000026C         ; Call the C library enty point that handles startup.  T
                       his will copy
  257 0000026C         ; the .data section initializers from flash to SRAM and 
                       zero fill the
  258 0000026C         ; .bss section.



ARM Macro Assembler    Page 8 


  259 0000026C         ;
  260 0000026C                 IMPORT           __main
  261 0000026C F7FF BFFE       B                __main
  262 00000270         
  263 00000270         ;*******************************************************
                       ***********************
  264 00000270         ;
  265 00000270         ; This is the code that gets called when the processor r
                       eceives a NMI.  This
  266 00000270         ; simply enters an infinite loop, preserving the system 
                       state for examination
  267 00000270         ; by a debugger.
  268 00000270         ;
  269 00000270         ;*******************************************************
                       ***********************
  270 00000270         NmiSR
  271 00000270 E7FE            B                NmiSR
  272 00000272         
  273 00000272         ;*******************************************************
                       ***********************
  274 00000272         ;
  275 00000272         ; This is the code that gets called when the processor r
                       eceives a fault
  276 00000272         ; interrupt.  This simply enters an infinite loop, prese
                       rving the system state
  277 00000272         ; for examination by a debugger.
  278 00000272         ;
  279 00000272         ;*******************************************************
                       ***********************
  280 00000272         FaultISR
  281 00000272 E7FE            B                FaultISR
  282 00000274         
  283 00000274         ;*******************************************************
                       ***********************
  284 00000274         ;
  285 00000274         ; This is the code that gets called when the processor r
                       eceives an unexpected
  286 00000274         ; interrupt.  This simply enters an infinite loop, prese
                       rving the system state
  287 00000274         ; for examination by a debugger.
  288 00000274         ;
  289 00000274         ;*******************************************************
                       ***********************
  290 00000274         IntDefaultHandler
  291 00000274 E7FE            B                IntDefaultHandler
  292 00000276         
  293 00000276         ;*******************************************************
                       ***********************
  294 00000276         ;
  295 00000276         ; Make sure the end of this section is aligned.
  296 00000276         ;
  297 00000276         ;*******************************************************
                       ***********************
  298 00000276 00 00           ALIGN
  299 00000278         
  300 00000278         ;*******************************************************
                       ***********************
  301 00000278         ;
  302 00000278         ; Some code in the normal code section for initializing 



ARM Macro Assembler    Page 9 


                       the heap and stack.
  303 00000278         ;
  304 00000278         ;*******************************************************
                       ***********************
  305 00000278                 AREA             |.text|, CODE, READONLY
  306 00000000         
  307 00000000         ;*******************************************************
                       ***********************
  308 00000000         ;
  309 00000000         ; The function expected of the C library startup code fo
                       r defining the stack
  310 00000000         ; and heap memory locations.  For the C library version 
                       of the startup code,
  311 00000000         ; provide this function so that the C library initializa
                       tion code can find out
  312 00000000         ; the location of the stack and heap.
  313 00000000         ;
  314 00000000         ;*******************************************************
                       ***********************
  315 00000000                 IF               :DEF: __MICROLIB
  316 00000000                 EXPORT           __initial_sp
  317 00000000                 EXPORT           __heap_base
  318 00000000                 EXPORT           __heap_limit
  319 00000000                 ELSE
  328                          ENDIF
  329 00000000         
  330 00000000         ;*******************************************************
                       ***********************
  331 00000000         ;
  332 00000000         ; Make sure the end of this section is aligned.
  333 00000000         ;
  334 00000000         ;*******************************************************
                       ***********************
  335 00000000                 ALIGN
  336 00000000         
  337 00000000         ;*******************************************************
                       ***********************
  338 00000000         ;
  339 00000000         ; Tell the assembler that we're done.
  340 00000000         ;
  341 00000000         ;*******************************************************
                       ***********************
  342 00000000                 END
Command Line: --debug --xref --cpu=Cortex-M4.fp --apcs=interwork --depend=.\rvm
dk\startup_rvmdk.d -o.\rvmdk\startup_rvmdk.o -ID:\worksoftware\Keil\ARM\RV31\IN
C -ID:\worksoftware\Keil\ARM\PACK\ARM\CMSIS\3.20.4\CMSIS\Include -ID:\worksoftw
are\Keil\ARM\PACK\Keil\LM4F_DFP\1.0.0\Device\Include --predefine="__MICROLIB SE
TA 1" --list=.\startup_rvmdk.lst startup_rvmdk.S



ARM Macro Assembler    Page 1 Alphabetic symbol ordering
Relocatable symbols

STACK 00000000

Symbol: STACK
   Definitions
      At line 45 in file startup_rvmdk.S
   Uses
      None
Comment: STACK unused
StackMem 00000000

Symbol: StackMem
   Definitions
      At line 46 in file startup_rvmdk.S
   Uses
      At line 91 in file startup_rvmdk.S
Comment: StackMem used once
__initial_sp 00000200

Symbol: __initial_sp
   Definitions
      At line 48 in file startup_rvmdk.S
   Uses
      At line 316 in file startup_rvmdk.S
Comment: __initial_sp used once
3 symbols



ARM Macro Assembler    Page 1 Alphabetic symbol ordering
Relocatable symbols

HEAP 00000000

Symbol: HEAP
   Definitions
      At line 55 in file startup_rvmdk.S
   Uses
      None
Comment: HEAP unused
HeapMem 00000000

Symbol: HeapMem
   Definitions
      At line 57 in file startup_rvmdk.S
   Uses
      None
Comment: HeapMem unused
__heap_base 00000000

Symbol: __heap_base
   Definitions
      At line 56 in file startup_rvmdk.S
   Uses
      At line 317 in file startup_rvmdk.S
Comment: __heap_base used once
__heap_limit 00000000

Symbol: __heap_limit
   Definitions
      At line 59 in file startup_rvmdk.S
   Uses
      At line 318 in file startup_rvmdk.S
Comment: __heap_limit used once
4 symbols



ARM Macro Assembler    Page 1 Alphabetic symbol ordering
Relocatable symbols

FaultISR 00000272

Symbol: FaultISR
   Definitions
      At line 280 in file startup_rvmdk.S
   Uses
      At line 94 in file startup_rvmdk.S
      At line 281 in file startup_rvmdk.S

IntDefaultHandler 00000274

Symbol: IntDefaultHandler
   Definitions
      At line 290 in file startup_rvmdk.S
   Uses
      At line 95 in file startup_rvmdk.S
      At line 96 in file startup_rvmdk.S
      At line 97 in file startup_rvmdk.S
      At line 102 in file startup_rvmdk.S
      At line 103 in file startup_rvmdk.S
      At line 105 in file startup_rvmdk.S
      At line 106 in file startup_rvmdk.S
      At line 107 in file startup_rvmdk.S
      At line 108 in file startup_rvmdk.S
      At line 109 in file startup_rvmdk.S
      At line 110 in file startup_rvmdk.S
      At line 111 in file startup_rvmdk.S
      At line 112 in file startup_rvmdk.S
      At line 113 in file startup_rvmdk.S
      At line 114 in file startup_rvmdk.S
      At line 115 in file startup_rvmdk.S
      At line 116 in file startup_rvmdk.S
      At line 117 in file startup_rvmdk.S
      At line 118 in file startup_rvmdk.S
      At line 119 in file startup_rvmdk.S
      At line 120 in file startup_rvmdk.S
      At line 121 in file startup_rvmdk.S
      At line 122 in file startup_rvmdk.S
      At line 123 in file startup_rvmdk.S
      At line 124 in file startup_rvmdk.S
      At line 126 in file startup_rvmdk.S
      At line 127 in file startup_rvmdk.S
      At line 128 in file startup_rvmdk.S
      At line 129 in file startup_rvmdk.S
      At line 130 in file startup_rvmdk.S
      At line 131 in file startup_rvmdk.S
      At line 132 in file startup_rvmdk.S
      At line 133 in file startup_rvmdk.S
      At line 134 in file startup_rvmdk.S
      At line 135 in file startup_rvmdk.S
      At line 136 in file startup_rvmdk.S
      At line 137 in file startup_rvmdk.S
      At line 138 in file startup_rvmdk.S
      At line 139 in file startup_rvmdk.S
      At line 141 in file startup_rvmdk.S
      At line 142 in file startup_rvmdk.S
      At line 143 in file startup_rvmdk.S
      At line 144 in file startup_rvmdk.S
      At line 145 in file startup_rvmdk.S



ARM Macro Assembler    Page 2 Alphabetic symbol ordering
Relocatable symbols

      At line 146 in file startup_rvmdk.S
      At line 147 in file startup_rvmdk.S
      At line 148 in file startup_rvmdk.S
      At line 149 in file startup_rvmdk.S
      At line 150 in file startup_rvmdk.S
      At line 151 in file startup_rvmdk.S
      At line 152 in file startup_rvmdk.S
      At line 153 in file startup_rvmdk.S
      At line 154 in file startup_rvmdk.S
      At line 155 in file startup_rvmdk.S
      At line 156 in file startup_rvmdk.S
      At line 157 in file startup_rvmdk.S
      At line 158 in file startup_rvmdk.S
      At line 159 in file startup_rvmdk.S
      At line 160 in file startup_rvmdk.S
      At line 161 in file startup_rvmdk.S
      At line 162 in file startup_rvmdk.S
      At line 163 in file startup_rvmdk.S
      At line 164 in file startup_rvmdk.S
      At line 165 in file startup_rvmdk.S
      At line 166 in file startup_rvmdk.S
      At line 167 in file startup_rvmdk.S
      At line 168 in file startup_rvmdk.S
      At line 169 in file startup_rvmdk.S
      At line 170 in file startup_rvmdk.S
      At line 175 in file startup_rvmdk.S
      At line 176 in file startup_rvmdk.S
      At line 177 in file startup_rvmdk.S
      At line 178 in file startup_rvmdk.S
      At line 199 in file startup_rvmdk.S
      At line 200 in file startup_rvmdk.S
      At line 201 in file startup_rvmdk.S
      At line 202 in file startup_rvmdk.S
      At line 203 in file startup_rvmdk.S
      At line 204 in file startup_rvmdk.S
      At line 205 in file startup_rvmdk.S
      At line 206 in file startup_rvmdk.S
      At line 207 in file startup_rvmdk.S
      At line 208 in file startup_rvmdk.S
      At line 209 in file startup_rvmdk.S
      At line 210 in file startup_rvmdk.S
      At line 211 in file startup_rvmdk.S
      At line 212 in file startup_rvmdk.S
      At line 213 in file startup_rvmdk.S
      At line 214 in file startup_rvmdk.S
      At line 215 in file startup_rvmdk.S
      At line 216 in file startup_rvmdk.S
      At line 217 in file startup_rvmdk.S
      At line 218 in file startup_rvmdk.S
      At line 219 in file startup_rvmdk.S
      At line 220 in file startup_rvmdk.S
      At line 221 in file startup_rvmdk.S
      At line 223 in file startup_rvmdk.S
      At line 224 in file startup_rvmdk.S
      At line 225 in file startup_rvmdk.S
      At line 226 in file startup_rvmdk.S
      At line 227 in file startup_rvmdk.S
      At line 228 in file startup_rvmdk.S
      At line 229 in file startup_rvmdk.S



ARM Macro Assembler    Page 3 Alphabetic symbol ordering
Relocatable symbols

      At line 230 in file startup_rvmdk.S
      At line 231 in file startup_rvmdk.S
      At line 232 in file startup_rvmdk.S
      At line 233 in file startup_rvmdk.S
      At line 234 in file startup_rvmdk.S
      At line 235 in file startup_rvmdk.S
      At line 236 in file startup_rvmdk.S
      At line 237 in file startup_rvmdk.S
      At line 238 in file startup_rvmdk.S
      At line 239 in file startup_rvmdk.S
      At line 240 in file startup_rvmdk.S
      At line 241 in file startup_rvmdk.S
      At line 242 in file startup_rvmdk.S
      At line 243 in file startup_rvmdk.S
      At line 244 in file startup_rvmdk.S
      At line 245 in file startup_rvmdk.S
      At line 291 in file startup_rvmdk.S

NmiSR 00000270

Symbol: NmiSR
   Definitions
      At line 270 in file startup_rvmdk.S
   Uses
      At line 93 in file startup_rvmdk.S
      At line 271 in file startup_rvmdk.S

RESET 00000000

Symbol: RESET
   Definitions
      At line 73 in file startup_rvmdk.S
   Uses
      None
Comment: RESET unused
Reset_Handler 0000026C

Symbol: Reset_Handler
   Definitions
      At line 254 in file startup_rvmdk.S
   Uses
      At line 92 in file startup_rvmdk.S
      At line 253 in file startup_rvmdk.S

__Vectors 00000000

Symbol: __Vectors
   Definitions
      At line 90 in file startup_rvmdk.S
   Uses
      At line 89 in file startup_rvmdk.S
Comment: __Vectors used once
6 symbols



ARM Macro Assembler    Page 1 Alphabetic symbol ordering
Relocatable symbols

.text 00000000

Symbol: .text
   Definitions
      At line 305 in file startup_rvmdk.S
   Uses
      None
Comment: .text unused
1 symbol



ARM Macro Assembler    Page 1 Alphabetic symbol ordering
Absolute symbols

Heap 00000000

Symbol: Heap
   Definitions
      At line 38 in file startup_rvmdk.S
   Uses
      At line 58 in file startup_rvmdk.S
Comment: Heap used once
Stack 00000200

Symbol: Stack
   Definitions
      At line 31 in file startup_rvmdk.S
   Uses
      At line 47 in file startup_rvmdk.S
      At line 91 in file startup_rvmdk.S

2 symbols



ARM Macro Assembler    Page 1 Alphabetic symbol ordering
External symbols

INT_PortG 00000000

Symbol: INT_PortG
   Definitions
      At line 83 in file startup_rvmdk.S
   Uses
      None
Comment: INT_PortG unused
UART2_Int_Handler 00000000

Symbol: UART2_Int_Handler
   Definitions
      At line 81 in file startup_rvmdk.S
   Uses
      At line 140 in file startup_rvmdk.S
Comment: UART2_Int_Handler used once
Watchdog_Timer 00000000

Symbol: Watchdog_Timer
   Definitions
      At line 82 in file startup_rvmdk.S
   Uses
      At line 125 in file startup_rvmdk.S
Comment: Watchdog_Timer used once
__main 00000000

Symbol: __main
   Definitions
      At line 260 in file startup_rvmdk.S
   Uses
      At line 261 in file startup_rvmdk.S
Comment: __main used once
4 symbols
352 symbols in table
